mode: set
github.com/tehAnswer/zivwi/transfer_gateway.go:6.61,8.2 1 1
github.com/tehAnswer/zivwi/transfer_service.go:17.79,22.2 1 1
github.com/tehAnswer/zivwi/transfer_service.go:24.104,25.34 1 0
github.com/tehAnswer/zivwi/transfer_service.go:28.2,28.78 1 0
github.com/tehAnswer/zivwi/transfer_service.go:40.2,40.41 1 0
github.com/tehAnswer/zivwi/transfer_service.go:25.34,27.3 1 0
github.com/tehAnswer/zivwi/transfer_service.go:28.78,29.37 1 0
github.com/tehAnswer/zivwi/transfer_service.go:38.3,38.43 1 0
github.com/tehAnswer/zivwi/transfer_service.go:29.37,37.4 2 0
github.com/tehAnswer/zivwi/main.go:17.13,38.2 11 0
github.com/tehAnswer/zivwi/main.go:41.38,47.44 2 1
github.com/tehAnswer/zivwi/main.go:53.2,54.21 2 1
github.com/tehAnswer/zivwi/main.go:58.2,60.11 1 1
github.com/tehAnswer/zivwi/main.go:47.44,51.3 1 1
github.com/tehAnswer/zivwi/main.go:54.21,56.3 1 1
github.com/tehAnswer/zivwi/main.go:63.35,65.2 1 0
github.com/tehAnswer/zivwi/main.go:67.41,69.2 1 0
github.com/tehAnswer/zivwi/application_ctx.go:12.25,34.2 8 1
github.com/tehAnswer/zivwi/authorize_service.go:23.68,28.2 1 1
github.com/tehAnswer/zivwi/authorize_service.go:30.91,33.21 2 1
github.com/tehAnswer/zivwi/authorize_service.go:36.2,36.21 1 1
github.com/tehAnswer/zivwi/authorize_service.go:33.21,35.3 1 1
github.com/tehAnswer/zivwi/authorize_service.go:39.78,49.2 7 1
github.com/tehAnswer/zivwi/database.go:19.30,20.70 1 1
github.com/tehAnswer/zivwi/database.go:20.70,25.3 1 1
github.com/tehAnswer/zivwi/database.go:25.8,26.58 1 0
github.com/tehAnswer/zivwi/queue.go:13.23,17.2 3 1
github.com/tehAnswer/zivwi/user_gateway.go:31.53,35.2 1 1
github.com/tehAnswer/zivwi/user_gateway.go:37.82,47.20 2 1
github.com/tehAnswer/zivwi/user_gateway.go:51.2,53.18 3 1
github.com/tehAnswer/zivwi/user_gateway.go:64.2,64.40 1 1
github.com/tehAnswer/zivwi/user_gateway.go:68.2,70.19 2 1
github.com/tehAnswer/zivwi/user_gateway.go:74.2,74.23 1 1
github.com/tehAnswer/zivwi/user_gateway.go:47.20,49.3 1 0
github.com/tehAnswer/zivwi/user_gateway.go:53.18,61.3 1 1
github.com/tehAnswer/zivwi/user_gateway.go:64.40,66.3 1 1
github.com/tehAnswer/zivwi/user_gateway.go:70.19,72.3 1 1
github.com/tehAnswer/zivwi/user_gateway.go:77.62,94.20 5 1
github.com/tehAnswer/zivwi/user_gateway.go:98.2,99.19 2 1
github.com/tehAnswer/zivwi/user_gateway.go:94.20,96.3 1 0
github.com/tehAnswer/zivwi/user_gateway.go:102.65,104.16 2 1
github.com/tehAnswer/zivwi/user_gateway.go:108.2,108.21 1 1
github.com/tehAnswer/zivwi/user_gateway.go:104.16,105.21 1 0
github.com/tehAnswer/zivwi/user_gateway.go:111.47,115.2 3 1
github.com/tehAnswer/zivwi/account_gateway.go:19.59,23.2 1 1
github.com/tehAnswer/zivwi/account_gateway.go:34.79,43.20 3 1
github.com/tehAnswer/zivwi/account_gateway.go:47.2,51.18 4 1
github.com/tehAnswer/zivwi/account_gateway.go:56.2,56.26 1 1
github.com/tehAnswer/zivwi/account_gateway.go:43.20,45.3 1 0
github.com/tehAnswer/zivwi/account_gateway.go:51.18,54.3 2 1
github.com/tehAnswer/zivwi/account_gateway.go:59.75,68.20 2 1
github.com/tehAnswer/zivwi/account_gateway.go:72.2,74.18 3 1
github.com/tehAnswer/zivwi/account_gateway.go:79.2,79.46 1 1
github.com/tehAnswer/zivwi/account_gateway.go:83.2,83.22 1 1
github.com/tehAnswer/zivwi/account_gateway.go:68.20,70.3 1 0
github.com/tehAnswer/zivwi/account_gateway.go:74.18,76.3 1 1
github.com/tehAnswer/zivwi/account_gateway.go:79.46,81.3 1 0
github.com/tehAnswer/zivwi/account_gateway.go:86.74,99.20 4 1
github.com/tehAnswer/zivwi/account_gateway.go:103.2,104.22 2 1
github.com/tehAnswer/zivwi/account_gateway.go:99.20,101.3 1 0
github.com/tehAnswer/zivwi/account_gateway.go:107.50,111.2 3 1
